<?xml version="1.0" encoding="UTF-8"?>
<testng-results skipped="0" failed="0" total="1" passed="1">
  <reporter-output>
  </reporter-output>
  <suite name="Main Suite" duration-ms="26149" started-at="2018-08-27T20:49:09Z" finished-at="2018-08-27T20:49:35Z">
    <groups>
    </groups>
    <test name="Main Test" duration-ms="26149" started-at="2018-08-27T20:49:09Z" finished-at="2018-08-27T20:49:35Z">
      <class name="FirstTest">
        <test-method status="PASS" signature="beforeClass()[pri:0, instance:FirstTest@617c74e5]" name="beforeClass" is-config="true" duration-ms="5164" started-at="2018-08-27T22:49:09Z" finished-at="2018-08-27T22:49:14Z">
          <reporter-output>
          </reporter-output>
        </test-method> <!-- beforeClass -->
        <test-method status="PASS" signature="firstTest()[pri:0, instance:FirstTest@617c74e5]" name="firstTest" duration-ms="17644" started-at="2018-08-27T22:49:14Z" finished-at="2018-08-27T22:49:32Z">
          <reporter-output>
          </reporter-output>
        </test-method> <!-- firstTest -->
        <test-method status="PASS" signature="afterClass()[pri:0, instance:FirstTest@617c74e5]" name="afterClass" is-config="true" duration-ms="3331" started-at="2018-08-27T22:49:32Z" finished-at="2018-08-27T22:49:35Z">
          <reporter-output>
          </reporter-output>
        </test-method> <!-- afterClass -->
      </class> <!-- FirstTest -->
    </test> <!-- Main Test -->
  </suite> <!-- Main Suite -->
</testng-results>
